2025-08-22 15:49:47,381 - root - INFO - Вставленные данные: <bound method ReportGUI.paste_data of <__main__.ReportGUI object at 0x0000013CA3F29160>>
2025-08-22 15:52:26,945 - root - INFO - Начало формирования отчета
2025-08-22 15:52:29,621 - root - INFO - Имя файла шаблона: C:\Work\GUI_ITC\templates\KVD_Zapolyarka.docx
2025-08-22 15:52:29,621 - root - INFO - Путь к шаблону Word: C:\Work\GUI_ITC\templates\KVD_Zapolyarka.docx
2025-08-22 15:52:29,637 - root - WARNING - PDF файл не выбран, пропускаем вставку изображений
2025-08-22 15:52:29,646 - root - INFO - Отчет успешно сохранен во временном формате: C:\Work\Отчеты\Закл_КВД_ПЕСЦОВОЕ_9232G куст 2_15.10.2024.docx
2025-08-22 15:52:29,646 - root - INFO - Вызов generate_report_logic с параметрами: C:\Work\Отчеты\Закл_КВД_ПЕСЦОВОЕ_9232G куст 2_15.10.2024.docx, КВД_Заполярка
2025-08-22 15:52:29,646 - root - INFO - Начало формирования отчета. Выходной файл: C:\Work\Отчеты\Закл_КВД_ПЕСЦОВОЕ_9232G куст 2_15.10.2024.docx, Шаблон: КВД_Заполярка
2025-08-22 15:52:29,647 - root - INFO - Output file path: C:\Work\Отчеты\Закл_КВД_ПЕСЦОВОЕ_9232G куст 2_15.10.2024.docx
2025-08-22 15:52:29,647 - root - INFO - Selected template: КВД_Заполярка
2025-08-22 15:52:29,647 - root - INFO - Инициализация COM-объектов
2025-08-22 15:52:29,647 - root - INFO - Открытие Excel-файла
2025-08-22 15:52:31,438 - root - INFO - Имя поля: Песцовое
2025-08-22 15:52:31,438 - root - INFO - Имя файла предыдущих данных: Итоговая таблица_Песцовое.xlsx
2025-08-22 15:52:31,438 - root - INFO - Текущая рабочая директория: C:\Work\GUI_ITC
2025-08-22 15:52:31,438 - root - INFO - Путь к файлу предыдущих данных: C:\Work\GUI_ITC\table_prev\Итоговая таблица_Песцовое.xlsx
2025-08-22 15:52:31,515 - root - INFO - Скважина: 9232G
2025-08-22 15:52:31,566 - root - INFO - p_pl_value = 179.2
2025-08-22 15:52:31,953 - root - INFO - Данные из файла предыдущих исследований успешно загружены.
2025-08-22 15:52:37,040 - root - INFO - Значение в ячейке B12 меньше 30. Возвращаем None.
2025-08-22 15:52:38,103 - root - INFO - Метки в отчете успешно заменены на значения.
2025-08-22 15:52:38,116 - root - INFO - Успешно вставлено 2 параметров модели
2025-08-22 15:52:38,118 - root - INFO - метка diagnostic_text успешно заменена
2025-08-22 15:52:38,119 - __main__ - INFO - Начало обработки таблицы. Всего строк: 16
2025-08-22 15:52:38,121 - __main__ - INFO - Найдено строк для удаления: 0
2025-08-22 15:52:38,121 - __main__ - INFO - Удалено строк: 0. Осталось строк: 16
2025-08-22 15:52:38,130 - root - INFO - Data dictionary content: {
  "company": "ООО ГПН-Заполярье",
  "field": "ПЕСЦОВОЕ",
  "well": "9232G куст 2",
  "VNK": "3064",
  "date_research": "15.10.2024",
  "date_researcf": "16.10.2024",
  "formation": "БУ9-2",
  "Plast1_H": "БУ9-2",
  "Plast2_H": "",
  "Plast3_H": "",
  "Plast4_H": "",
  "perforation_interval": "3634.82-5402.66",
  "device": "Датчик ТМС",
  "depth": 3234.0,
  "interpreter": "Сапунов Р.М.",
  "date_of_interpretation": "22.08.2025",
  "date_of_analiz": "21.08.2025",
  "time": 25.0,
  "water": 0.8,
  "packer": "-",
  "date_GRP": "",
  "type_of_research": "КВД",
  "H_eff": 8.0,
  "P_pl_zam": 130.6,
  "P_pl_vdp": 131.6,
  "P_pl_вдп2": 0,
  "P_pl_gnk": 131.6,
  "P_pl_vnk": 131.6,
  "P_pl_внк2": 0,
  "P_pl_внк3": 0,
  "P_pl_внк4": 0,
  "Durat": 240,
  "duration": 25,
  "density": "1.0 г/см3",
  "Qoil": 39.3,
  "klass": 1,
  "success": 1,
  "P_zab_zam": 105.5,
  "P_zab_vdp": 106.5,
  "P_zab_gnk": 106.5,
  "P1_zab_vnk": 106.5,
  "P1_zab_vn2": 0,
  "P2_zab_vnk": 128.1,
  "productivity": 1.51,
  "Kh/Mu": 15.3,
  "delta": 47.6,
  "Phi": 15.0,
  "model": "Горизонтальн. . Изм. ВСС (по Hegeman)",
  "plast": "Однородный",
  "layer": "Бесконечн.",
  "Cs": 0.13,
  "integ_skin1": -4.54,
  "integ_skin2": -2146826246,
  "permeability1": 5.47,
  "Delta Q": 38.0,
  "B_oil": 1.59,
  "viscosity": 0.286,
  "Compressibility": "2.8E-04",
  "num_frac1": -2146826246,
  "num_frac2": 0,
  "Xf1": -2146826246,
  "Xf2": 0,
  "permeability2": -2146826246,
  "S_мех1": -0.5,
  "S_мех2": -2146826246.0,
  "S_геом1": -4.04,
  "S_геом2": -2146826246.0,
  "P1_2500": 131.6,
  "P1_8760": 131.6,
  "P1_17500": 131.6,
  "P1_26280": 131.6,
  "P2_2500": -2146826246,
  "P2_8760": -2146826246,
  "P2_17500": -2146826246,
  "P2_26280": -2146826246,
  "Pday": 0.0,
  "Leff1": 40,
  "Leff2": -2146826246,
  "Pzb_dlta": 21.6,
  "R_inv1": 111.0,
  "R_inv2": -2146826246,
  "dens1": 0,
  "dens2": 1.0,
  "P_asa": -2146826246,
  "Tzakr": -2146826246,
  "Pzakr": -2146826246,
  "ISIIP": -2146826246,
  "Frac_eff": -2146826246,
  "Mobil": -2146826246,
  "Pi_1": 144.27,
  "Pi_2": -2146826246,
  "Pi_12": 143.27,
  "P22_zab_vnk": 0,
  "P2_asa": -2146826246,
  "Rinv_Ppl1": 386,
  "µгаза1": -2146826252,
  "Bg1": -2146826252,
  "µгаза2": -2146826252,
  "Bg2": -2146826252,
  "fluid": "Нефть",
  "Fc1": -2146826246,
  "model_description": "На производной давления (рис.2) после влияния ствола скважины диагностируется линейный поток к горизонтальному стволу скважины. Поздний радиальный участок фильтрации диагностируется условно со 150 часов до конца исследования / Поздний радиальный поток не достигнут. Для оценки Рпл положение полки радиального режима потока было принято оценочно по зашумленному участку производной в конце исследования. Рассчитанные в результате интерпретации параметры – низкой достоверности (полученные параметры представлены в протоколе результатов исследования). Скважина находится в зоне низких ФЕС, работы эффективной проходки ствола по диагностике практически не наблюдается. Настройка модели на фактические данные была произведена при использовании модели горизонтальной скважины.",
  "model_name": "Горизонтальн.",
  "diagnostic_text": "На производной давления (рис.2) после влияния ствола скважины диагностируется линейный поток к горизонтальному стволу скважины. Поздний радиальный участок фильтрации диагностируется условно со 150 часов до конца исследования / Поздний радиальный поток не достигнут. Для оценки Рпл положение полки радиального режима потока было принято оценочно по зашумленному участку производной в конце исследования. Рассчитанные в результате интерпретации параметры – низкой достоверности (полученные параметры представлены в протоколе результатов исследования). Скважина находится в зоне низких ФЕС, работы эффективной проходки ствола по диагностике практически не наблюдается. Настройка модели на фактические данные была произведена при использовании модели горизонтальной скважины.",
  "param_0": {
    "name": "Скин-фактор механический",
    "value": -0.5,
    "key": "S_мех1"
  },
  "param_1": {
    "name": "Эффективная длина скважины, (м)",
    "value": 40,
    "key": "Leff1"
  }
}
2025-08-22 15:52:39,483 - __main__ - INFO - Начало обновления Helper.xlsm
2025-08-22 15:52:39,484 - root - INFO - Обновление Helper.xlsm
2025-08-22 15:52:42,565 - __main__ - INFO - Данные успешно записаны в Helper.xlsm
2025-08-22 15:52:42,642 - __main__ - INFO - Отчет успешно сформирован!
2025-08-22 15:52:45,512 - root - INFO - Файл успешно сконвертирован: C:\Work\Отчеты\Закл_КВД_ПЕСЦОВОЕ_9232G куст 2_15.10.2024.doc
2025-08-22 15:52:48,401 - root - INFO - Отчет успешно сохранен: C:\Work\Отчеты\Закл_КВД_ПЕСЦОВОЕ_9232G куст 2_15.10.2024.doc
2025-08-22 15:52:54,176 - root - INFO - Временный файл удален: C:\Work\Отчеты\Закл_КВД_ПЕСЦОВОЕ_9232G куст 2_15.10.2024.docx
C:\Work\GUI_ITC\GUI_Claudi.py:967: FutureWarning:

use_inf_as_na option is deprecated and will be removed in a future version. Convert inf values to NaN before operating instead.

